        -:    0:Source:/Applications/Xcode.app/Contents/Developer/Toolchains/XcodeDefault.xctoolchain/usr/include/c++/v1/random
        -:    0:Graph:main.gcno
        -:    0:Data:-
        -:    0:Runs:0
        -:    0:Programs:0
        -:    1:// -*- C++ -*-
        -:    2://===--------------------------- random -----------------------------------===//
        -:    3://
        -:    4://                     The LLVM Compiler Infrastructure
        -:    5://
        -:    6:// This file is dual licensed under the MIT and the University of Illinois Open
        -:    7:// Source Licenses. See LICENSE.TXT for details.
        -:    8://
        -:    9://===----------------------------------------------------------------------===//
        -:   10:
        -:   11:#ifndef _LIBCPP_RANDOM
        -:   12:#define _LIBCPP_RANDOM
        -:   13:
        -:   14:/*
        -:   15:    random synopsis
        -:   16:
        -:   17:#include <initializer_list>
        -:   18:
        -:   19:namespace std
        -:   20:{
        -:   21:
        -:   22:// Engines
        -:   23:
        -:   24:template <class UIntType, UIntType a, UIntType c, UIntType m>
        -:   25:class linear_congruential_engine
        -:   26:{
        -:   27:public:
        -:   28:    // types
        -:   29:    typedef UIntType result_type;
        -:   30:
        -:   31:    // engine characteristics
        -:   32:    static constexpr result_type multiplier = a;
        -:   33:    static constexpr result_type increment = c;
        -:   34:    static constexpr result_type modulus = m;
        -:   35:    static constexpr result_type min() { return c == 0u ? 1u: 0u;}
        -:   36:    static constexpr result_type max() { return m - 1u;}
        -:   37:    static constexpr result_type default_seed = 1u;
        -:   38:
        -:   39:    // constructors and seeding functions
        -:   40:    explicit linear_congruential_engine(result_type s = default_seed);
        -:   41:    template<class Sseq> explicit linear_congruential_engine(Sseq& q);
        -:   42:    void seed(result_type s = default_seed);
        -:   43:    template<class Sseq> void seed(Sseq& q);
        -:   44:
        -:   45:    // generating functions
        -:   46:    result_type operator()();
        -:   47:    void discard(unsigned long long z);
        -:   48:};
        -:   49:
        -:   50:template <class UIntType, UIntType a, UIntType c, UIntType m>
        -:   51:bool
        -:   52:operator==(const linear_congruential_engine<UIntType, a, c, m>& x,
        -:   53:           const linear_congruential_engine<UIntType, a, c, m>& y);
        -:   54:
        -:   55:template <class UIntType, UIntType a, UIntType c, UIntType m>
        -:   56:bool
        -:   57:operator!=(const linear_congruential_engine<UIntType, a, c, m>& x,
        -:   58:           const linear_congruential_engine<UIntType, a, c, m>& y);
        -:   59:
        -:   60:template <class charT, class traits,
        -:   61:          class UIntType, UIntType a, UIntType c, UIntType m>
        -:   62:basic_ostream<charT, traits>&
        -:   63:operator<<(basic_ostream<charT, traits>& os,
        -:   64:           const linear_congruential_engine<UIntType, a, c, m>& x);
        -:   65:
        -:   66:template <class charT, class traits,
        -:   67:          class UIntType, UIntType a, UIntType c, UIntType m>
        -:   68:basic_istream<charT, traits>&
        -:   69:operator>>(basic_istream<charT, traits>& is,
        -:   70:           linear_congruential_engine<UIntType, a, c, m>& x);
        -:   71:
        -:   72:template <class UIntType, size_t w, size_t n, size_t m, size_t r,
        -:   73:          UIntType a, size_t u, UIntType d, size_t s,
        -:   74:          UIntType b, size_t t, UIntType c, size_t l, UIntType f>
        -:   75:class mersenne_twister_engine
        -:   76:{
        -:   77:public:
        -:   78:    // types
        -:   79:    typedef UIntType result_type;
        -:   80:
        -:   81:    // engine characteristics
        -:   82:    static constexpr size_t word_size = w;
        -:   83:    static constexpr size_t state_size = n;
        -:   84:    static constexpr size_t shift_size = m;
        -:   85:    static constexpr size_t mask_bits = r;
        -:   86:    static constexpr result_type xor_mask = a;
        -:   87:    static constexpr size_t tempering_u = u;
        -:   88:    static constexpr result_type tempering_d = d;
        -:   89:    static constexpr size_t tempering_s = s;
        -:   90:    static constexpr result_type tempering_b = b;
        -:   91:    static constexpr size_t tempering_t = t;
        -:   92:    static constexpr result_type tempering_c = c;
        -:   93:    static constexpr size_t tempering_l = l;
        -:   94:    static constexpr result_type initialization_multiplier = f;
        -:   95:    static constexpr result_type min () { return 0; }
        -:   96:    static constexpr result_type max() { return 2^w - 1; }
        -:   97:    static constexpr result_type default_seed = 5489u;
        -:   98:
        -:   99:    // constructors and seeding functions
        -:  100:    explicit mersenne_twister_engine(result_type value = default_seed);
        -:  101:    template<class Sseq> explicit mersenne_twister_engine(Sseq& q);
        -:  102:    void seed(result_type value = default_seed);
        -:  103:    template<class Sseq> void seed(Sseq& q);
        -:  104:
        -:  105:    // generating functions
        -:  106:    result_type operator()();
        -:  107:    void discard(unsigned long long z);
        -:  108:};
        -:  109:
        -:  110:template <class UIntType, size_t w, size_t n, size_t m, size_t r,
        -:  111:          UIntType a, size_t u, UIntType d, size_t s,
        -:  112:          UIntType b, size_t t, UIntType c, size_t l, UIntType f>
        -:  113:bool
        -:  114:operator==(
        -:  115:    const mersenne_twister_engine<UIntType, w, n, m, r, a, u, d, s, b, t, c, l, f>& x,
        -:  116:    const mersenne_twister_engine<UIntType, w, n, m, r, a, u, d, s, b, t, c, l, f>& y);
        -:  117:
        -:  118:template <class UIntType, size_t w, size_t n, size_t m, size_t r,
        -:  119:          UIntType a, size_t u, UIntType d, size_t s,
        -:  120:          UIntType b, size_t t, UIntType c, size_t l, UIntType f>
        -:  121:bool
        -:  122:operator!=(
        -:  123:    const mersenne_twister_engine<UIntType, w, n, m, r, a, u, d, s, b, t, c, l, f>& x,
        -:  124:    const mersenne_twister_engine<UIntType, w, n, m, r, a, u, d, s, b, t, c, l, f>& y);
        -:  125:
        -:  126:template <class charT, class traits,
        -:  127:          class UIntType, size_t w, size_t n, size_t m, size_t r,
        -:  128:          UIntType a, size_t u, UIntType d, size_t s,
        -:  129:          UIntType b, size_t t, UIntType c, size_t l, UIntType f>
        -:  130:basic_ostream<charT, traits>&
        -:  131:operator<<(basic_ostream<charT, traits>& os,
        -:  132:           const mersenne_twister_engine<UIntType, w, n, m, r, a, u, d, s, b, t, c, l, f>& x);
        -:  133:
        -:  134:template <class charT, class traits,
        -:  135:          class UIntType, size_t w, size_t n, size_t m, size_t r,
        -:  136:          UIntType a, size_t u, UIntType d, size_t s,
        -:  137:          UIntType b, size_t t, UIntType c, size_t l, UIntType f>
        -:  138:basic_istream<charT, traits>&
        -:  139:operator>>(basic_istream<charT, traits>& is,
        -:  140:           mersenne_twister_engine<UIntType, w, n, m, r, a, u, d, s, b, t, c, l, f>& x);
        -:  141:
        -:  142:template<class UIntType, size_t w, size_t s, size_t r>
        -:  143:class subtract_with_carry_engine
        -:  144:{
        -:  145:public:
        -:  146:    // types
        -:  147:    typedef UIntType result_type;
        -:  148:
        -:  149:    // engine characteristics
        -:  150:    static constexpr size_t word_size = w;
        -:  151:    static constexpr size_t short_lag = s;
        -:  152:    static constexpr size_t long_lag = r;
        -:  153:    static constexpr result_type min() { return 0; }
        -:  154:    static constexpr result_type max() { return m-1; }
        -:  155:    static constexpr result_type default_seed = 19780503u;
        -:  156:
        -:  157:    // constructors and seeding functions
        -:  158:    explicit subtract_with_carry_engine(result_type value = default_seed);
        -:  159:    template<class Sseq> explicit subtract_with_carry_engine(Sseq& q);
        -:  160:    void seed(result_type value = default_seed);
        -:  161:    template<class Sseq> void seed(Sseq& q);
        -:  162:
        -:  163:    // generating functions
        -:  164:    result_type operator()();
        -:  165:    void discard(unsigned long long z);
        -:  166:};
        -:  167:
        -:  168:template<class UIntType, size_t w, size_t s, size_t r>
        -:  169:bool
        -:  170:operator==(
        -:  171:    const subtract_with_carry_engine<UIntType, w, s, r>& x,
        -:  172:    const subtract_with_carry_engine<UIntType, w, s, r>& y);
        -:  173:
        -:  174:template<class UIntType, size_t w, size_t s, size_t r>
        -:  175:bool
        -:  176:operator!=(
        -:  177:    const subtract_with_carry_engine<UIntType, w, s, r>& x,
        -:  178:    const subtract_with_carry_engine<UIntType, w, s, r>& y);
        -:  179:
        -:  180:template <class charT, class traits,
        -:  181:          class UIntType, size_t w, size_t s, size_t r>
        -:  182:basic_ostream<charT, traits>&
        -:  183:operator<<(basic_ostream<charT, traits>& os,
        -:  184:           const subtract_with_carry_engine<UIntType, w, s, r>& x);
        -:  185:
        -:  186:template <class charT, class traits,
        -:  187:          class UIntType, size_t w, size_t s, size_t r>
        -:  188:basic_istream<charT, traits>&
        -:  189:operator>>(basic_istream<charT, traits>& is,
        -:  190:           subtract_with_carry_engine<UIntType, w, s, r>& x);
        -:  191:
        -:  192:template<class Engine, size_t p, size_t r>
        -:  193:class discard_block_engine
        -:  194:{
        -:  195:public:
        -:  196:    // types
        -:  197:    typedef typename Engine::result_type result_type;
        -:  198:
        -:  199:    // engine characteristics
        -:  200:    static constexpr size_t block_size = p;
        -:  201:    static constexpr size_t used_block = r;
        -:  202:    static constexpr result_type min() { return Engine::min(); }
        -:  203:    static constexpr result_type max() { return Engine::max(); }
        -:  204:
        -:  205:    // constructors and seeding functions
        -:  206:    discard_block_engine();
        -:  207:    explicit discard_block_engine(const Engine& e);
        -:  208:    explicit discard_block_engine(Engine&& e);
        -:  209:    explicit discard_block_engine(result_type s);
        -:  210:    template<class Sseq> explicit discard_block_engine(Sseq& q);
        -:  211:    void seed();
        -:  212:    void seed(result_type s);
        -:  213:    template<class Sseq> void seed(Sseq& q);
        -:  214:
        -:  215:    // generating functions
        -:  216:    result_type operator()();
        -:  217:    void discard(unsigned long long z);
        -:  218:
        -:  219:    // property functions
        -:  220:    const Engine& base() const noexcept;
        -:  221:};
        -:  222:
        -:  223:template<class Engine, size_t p, size_t r>
        -:  224:bool
        -:  225:operator==(
        -:  226:    const discard_block_engine<Engine, p, r>& x,
        -:  227:    const discard_block_engine<Engine, p, r>& y);
        -:  228:
        -:  229:template<class Engine, size_t p, size_t r>
        -:  230:bool
        -:  231:operator!=(
        -:  232:    const discard_block_engine<Engine, p, r>& x,
        -:  233:    const discard_block_engine<Engine, p, r>& y);
        -:  234:
        -:  235:template <class charT, class traits,
        -:  236:          class Engine, size_t p, size_t r>
        -:  237:basic_ostream<charT, traits>&
        -:  238:operator<<(basic_ostream<charT, traits>& os,
        -:  239:           const discard_block_engine<Engine, p, r>& x);
        -:  240:
        -:  241:template <class charT, class traits,
        -:  242:          class Engine, size_t p, size_t r>
        -:  243:basic_istream<charT, traits>&
        -:  244:operator>>(basic_istream<charT, traits>& is,
        -:  245:           discard_block_engine<Engine, p, r>& x);
        -:  246:
        -:  247:template<class Engine, size_t w, class UIntType>
        -:  248:class independent_bits_engine
        -:  249:{
        -:  250:public:
        -:  251:    // types
        -:  252:    typedef UIntType result_type;
        -:  253:
        -:  254:    // engine characteristics
        -:  255:    static constexpr result_type min() { return 0; }
        -:  256:    static constexpr result_type max() { return 2^w - 1; }
        -:  257:
        -:  258:    // constructors and seeding functions
        -:  259:    independent_bits_engine();
        -:  260:    explicit independent_bits_engine(const Engine& e);
        -:  261:    explicit independent_bits_engine(Engine&& e);
        -:  262:    explicit independent_bits_engine(result_type s);
        -:  263:    template<class Sseq> explicit independent_bits_engine(Sseq& q);
        -:  264:    void seed();
        -:  265:    void seed(result_type s);
        -:  266:    template<class Sseq> void seed(Sseq& q);
        -:  267:
        -:  268:    // generating functions
        -:  269:    result_type operator()(); void discard(unsigned long long z);
        -:  270:
        -:  271:    // property functions
        -:  272:    const Engine& base() const noexcept;
        -:  273:};
        -:  274:
        -:  275:template<class Engine, size_t w, class UIntType>
        -:  276:bool
        -:  277:operator==(
        -:  278:    const independent_bits_engine<Engine, w, UIntType>& x,
        -:  279:    const independent_bits_engine<Engine, w, UIntType>& y);
        -:  280:
        -:  281:template<class Engine, size_t w, class UIntType>
        -:  282:bool
        -:  283:operator!=(
        -:  284:    const independent_bits_engine<Engine, w, UIntType>& x,
        -:  285:    const independent_bits_engine<Engine, w, UIntType>& y);
        -:  286:
        -:  287:template <class charT, class traits,
        -:  288:          class Engine, size_t w, class UIntType>
        -:  289:basic_ostream<charT, traits>&
        -:  290:operator<<(basic_ostream<charT, traits>& os,
        -:  291:           const independent_bits_engine<Engine, w, UIntType>& x);
        -:  292:
        -:  293:template <class charT, class traits,
        -:  294:          class Engine, size_t w, class UIntType>
        -:  295:basic_istream<charT, traits>&
        -:  296:operator>>(basic_istream<charT, traits>& is,
        -:  297:           independent_bits_engine<Engine, w, UIntType>& x);
        -:  298:
        -:  299:template<class Engine, size_t k>
        -:  300:class shuffle_order_engine
        -:  301:{
        -:  302:public:
        -:  303:    // types
        -:  304:    typedef typename Engine::result_type result_type;
        -:  305:
        -:  306:    // engine characteristics
        -:  307:    static constexpr size_t table_size = k;
        -:  308:    static constexpr result_type min() { return Engine::min; }
        -:  309:    static constexpr result_type max() { return Engine::max; }
        -:  310:
        -:  311:    // constructors and seeding functions
        -:  312:    shuffle_order_engine();
        -:  313:    explicit shuffle_order_engine(const Engine& e);
        -:  314:    explicit shuffle_order_engine(Engine&& e);
        -:  315:    explicit shuffle_order_engine(result_type s);
        -:  316:    template<class Sseq> explicit shuffle_order_engine(Sseq& q);
        -:  317:    void seed();
        -:  318:    void seed(result_type s);
        -:  319:    template<class Sseq> void seed(Sseq& q);
        -:  320:
        -:  321:    // generating functions
        -:  322:    result_type operator()();
        -:  323:    void discard(unsigned long long z);
        -:  324:
        -:  325:    // property functions
        -:  326:    const Engine& base() const noexcept;
        -:  327:};
        -:  328:
        -:  329:template<class Engine, size_t k>
        -:  330:bool
        -:  331:operator==(
        -:  332:    const shuffle_order_engine<Engine, k>& x,
        -:  333:    const shuffle_order_engine<Engine, k>& y);
        -:  334:
        -:  335:template<class Engine, size_t k>
        -:  336:bool
        -:  337:operator!=(
        -:  338:    const shuffle_order_engine<Engine, k>& x,
        -:  339:    const shuffle_order_engine<Engine, k>& y);
        -:  340:
        -:  341:template <class charT, class traits,
        -:  342:          class Engine, size_t k>
        -:  343:basic_ostream<charT, traits>&
        -:  344:operator<<(basic_ostream<charT, traits>& os,
        -:  345:           const shuffle_order_engine<Engine, k>& x);
        -:  346:
        -:  347:template <class charT, class traits,
        -:  348:          class Engine, size_t k>
        -:  349:basic_istream<charT, traits>&
        -:  350:operator>>(basic_istream<charT, traits>& is,
        -:  351:           shuffle_order_engine<Engine, k>& x);
        -:  352:
        -:  353:typedef linear_congruential_engine<uint_fast32_t, 16807, 0, 2147483647>
        -:  354:                                                                   minstd_rand0;
        -:  355:typedef linear_congruential_engine<uint_fast32_t, 48271, 0, 2147483647>
        -:  356:                                                                    minstd_rand;
        -:  357:typedef mersenne_twister_engine<uint_fast32_t, 32, 624, 397, 31,
        -:  358:                                0x9908b0df,
        -:  359:                                11, 0xffffffff,
        -:  360:                                7,  0x9d2c5680,
        -:  361:                                15, 0xefc60000,
        -:  362:                                18, 1812433253>                         mt19937;
        -:  363:typedef mersenne_twister_engine<uint_fast64_t, 64, 312, 156, 31,
        -:  364:                                0xb5026f5aa96619e9,
        -:  365:                                29, 0x5555555555555555,
        -:  366:                                17, 0x71d67fffeda60000,
        -:  367:                                37, 0xfff7eee000000000,
        -:  368:                                43, 6364136223846793005>             mt19937_64;
        -:  369:typedef subtract_with_carry_engine<uint_fast32_t, 24, 10, 24>     ranlux24_base;
        -:  370:typedef subtract_with_carry_engine<uint_fast64_t, 48,  5, 12>     ranlux48_base;
        -:  371:typedef discard_block_engine<ranlux24_base, 223, 23>                   ranlux24;
        -:  372:typedef discard_block_engine<ranlux48_base, 389, 11>                   ranlux48;
        -:  373:typedef shuffle_order_engine<minstd_rand0, 256>                         knuth_b;
        -:  374:typedef minstd_rand                                       default_random_engine;
        -:  375:
        -:  376:// Generators
        -:  377:
        -:  378:class random_device
        -:  379:{
        -:  380:public:
        -:  381:    // types
        -:  382:    typedef unsigned int result_type;
        -:  383:
        -:  384:    // generator characteristics
        -:  385:    static constexpr result_type min() { return numeric_limits<result_type>::min(); }
        -:  386:    static constexpr result_type max() { return numeric_limits<result_type>::max(); }
        -:  387:
        -:  388:    // constructors
        -:  389:    explicit random_device(const string& token = "/dev/urandom");
        -:  390:
        -:  391:    // generating functions
        -:  392:    result_type operator()();
        -:  393:
        -:  394:    // property functions
        -:  395:    double entropy() const noexcept;
        -:  396:
        -:  397:    // no copy functions
        -:  398:    random_device(const random_device& ) = delete;
        -:  399:    void operator=(const random_device& ) = delete;
        -:  400:};
        -:  401:
        -:  402:// Utilities
        -:  403:
        -:  404:class seed_seq
        -:  405:{
        -:  406:public:
        -:  407:    // types
        -:  408:    typedef uint_least32_t result_type;
        -:  409:
        -:  410:    // constructors
        -:  411:    seed_seq();
        -:  412:    template<class T>
        -:  413:        seed_seq(initializer_list<T> il);
        -:  414:    template<class InputIterator>
        -:  415:        seed_seq(InputIterator begin, InputIterator end);
        -:  416:
        -:  417:    // generating functions
        -:  418:    template<class RandomAccessIterator>
        -:  419:        void generate(RandomAccessIterator begin, RandomAccessIterator end);
        -:  420:
        -:  421:    // property functions
        -:  422:    size_t size() const;
        -:  423:    template<class OutputIterator>
        -:  424:        void param(OutputIterator dest) const;
        -:  425:
        -:  426:    // no copy functions
        -:  427:    seed_seq(const seed_seq&) = delete;
        -:  428:    void operator=(const seed_seq& ) = delete;
        -:  429:};
        -:  430:
        -:  431:template<class RealType, size_t bits, class URNG>
        -:  432:    RealType generate_canonical(URNG& g);
        -:  433:
        -:  434:// Distributions
        -:  435:
        -:  436:template<class IntType = int>
        -:  437:class uniform_int_distribution
        -:  438:{
        -:  439:public:
        -:  440:    // types
        -:  441:    typedef IntType result_type;
        -:  442:
        -:  443:    class param_type
        -:  444:    {
        -:  445:    public:
        -:  446:        typedef uniform_int_distribution distribution_type;
        -:  447:
        -:  448:        explicit param_type(IntType a = 0,
        -:  449:                                    IntType b = numeric_limits<IntType>::max());
        -:  450:
        -:  451:        result_type a() const;
        -:  452:        result_type b() const;
        -:  453:
        -:  454:        friend bool operator==(const param_type& x, const param_type& y);
        -:  455:        friend bool operator!=(const param_type& x, const param_type& y);
        -:  456:    };
        -:  457:
        -:  458:    // constructors and reset functions
        -:  459:    explicit uniform_int_distribution(IntType a = 0,
        -:  460:                                    IntType b = numeric_limits<IntType>::max());
        -:  461:    explicit uniform_int_distribution(const param_type& parm);
        -:  462:    void reset();
        -:  463:
        -:  464:    // generating functions
        -:  465:    template<class URNG> result_type operator()(URNG& g);
        -:  466:    template<class URNG> result_type operator()(URNG& g, const param_type& parm);
        -:  467:
        -:  468:    // property functions
        -:  469:    result_type a() const;
        -:  470:    result_type b() const;
        -:  471:
        -:  472:    param_type param() const;
        -:  473:    void param(const param_type& parm);
        -:  474:
        -:  475:    result_type min() const;
        -:  476:    result_type max() const;
        -:  477:
        -:  478:    friend bool operator==(const uniform_int_distribution& x,
        -:  479:                           const uniform_int_distribution& y);
        -:  480:    friend bool operator!=(const uniform_int_distribution& x,
        -:  481:                           const uniform_int_distribution& y);
        -:  482:
        -:  483:    template <class charT, class traits>
        -:  484:    friend
        -:  485:    basic_ostream<charT, traits>&
        -:  486:    operator<<(basic_ostream<charT, traits>& os,
        -:  487:               const uniform_int_distribution& x);
        -:  488:
        -:  489:    template <class charT, class traits>
        -:  490:    friend
        -:  491:    basic_istream<charT, traits>&
        -:  492:    operator>>(basic_istream<charT, traits>& is,
        -:  493:               uniform_int_distribution& x);
        -:  494:};
        -:  495:
        -:  496:template<class RealType = double>
        -:  497:class uniform_real_distribution
        -:  498:{
        -:  499:public:
        -:  500:    // types
        -:  501:    typedef RealType result_type;
        -:  502:
        -:  503:    class param_type
        -:  504:    {
        -:  505:    public:
        -:  506:        typedef uniform_real_distribution distribution_type;
        -:  507:
        -:  508:        explicit param_type(RealType a = 0,
        -:  509:                            RealType b = 1);
        -:  510:
        -:  511:        result_type a() const;
        -:  512:        result_type b() const;
        -:  513:
        -:  514:        friend bool operator==(const param_type& x, const param_type& y);
        -:  515:        friend bool operator!=(const param_type& x, const param_type& y);
        -:  516:    };
        -:  517:
        -:  518:    // constructors and reset functions
        -:  519:    explicit uniform_real_distribution(RealType a = 0.0, RealType b = 1.0);
        -:  520:    explicit uniform_real_distribution(const param_type& parm);
        -:  521:    void reset();
        -:  522:
        -:  523:    // generating functions
        -:  524:    template<class URNG> result_type operator()(URNG& g);
        -:  525:    template<class URNG> result_type operator()(URNG& g, const param_type& parm);
        -:  526:
        -:  527:    // property functions
        -:  528:    result_type a() const;
        -:  529:    result_type b() const;
        -:  530:
        -:  531:    param_type param() const;
        -:  532:    void param(const param_type& parm);
        -:  533:
        -:  534:    result_type min() const;
        -:  535:    result_type max() const;
        -:  536:
        -:  537:    friend bool operator==(const uniform_real_distribution& x,
        -:  538:                           const uniform_real_distribution& y);
        -:  539:    friend bool operator!=(const uniform_real_distribution& x,
        -:  540:                           const uniform_real_distribution& y);
        -:  541:
        -:  542:    template <class charT, class traits>
        -:  543:    friend
        -:  544:    basic_ostream<charT, traits>&
        -:  545:    operator<<(basic_ostream<charT, traits>& os,
        -:  546:               const uniform_real_distribution& x);
        -:  547:
        -:  548:    template <class charT, class traits>
        -:  549:    friend
        -:  550:    basic_istream<charT, traits>&
        -:  551:    operator>>(basic_istream<charT, traits>& is,
        -:  552:               uniform_real_distribution& x);
        -:  553:};
        -:  554:
        -:  555:class bernoulli_distribution
        -:  556:{
        -:  557:public:
        -:  558:    // types
        -:  559:    typedef bool result_type;
        -:  560:
        -:  561:    class param_type
        -:  562:    {
        -:  563:    public:
        -:  564:        typedef bernoulli_distribution distribution_type;
        -:  565:
        -:  566:        explicit param_type(double p = 0.5);
        -:  567:
        -:  568:        double p() const;
        -:  569:
        -:  570:        friend bool operator==(const param_type& x, const param_type& y);
        -:  571:        friend bool operator!=(const param_type& x, const param_type& y);
        -:  572:    };
        -:  573:
        -:  574:    // constructors and reset functions
        -:  575:    explicit bernoulli_distribution(double p = 0.5);
        -:  576:    explicit bernoulli_distribution(const param_type& parm);
        -:  577:    void reset();
        -:  578:
        -:  579:    // generating functions
        -:  580:    template<class URNG> result_type operator()(URNG& g);
        -:  581:    template<class URNG> result_type operator()(URNG& g, const param_type& parm);
        -:  582:
        -:  583:    // property functions
        -:  584:    double p() const;
        -:  585:
        -:  586:    param_type param() const;
        -:  587:    void param(const param_type& parm);
        -:  588:
        -:  589:    result_type min() const;
        -:  590:    result_type max() const;
        -:  591:
        -:  592:    friend bool operator==(const bernoulli_distribution& x,
        -:  593:                           const bernoulli_distribution& y);
        -:  594:    friend bool operator!=(const bernoulli_distribution& x,
        -:  595:                           const bernoulli_distribution& y);
        -:  596:
        -:  597:    template <class charT, class traits>
        -:  598:    friend
        -:  599:    basic_ostream<charT, traits>&
        -:  600:    operator<<(basic_ostream<charT, traits>& os,
        -:  601:               const bernoulli_distribution& x);
        -:  602:
        -:  603:    template <class charT, class traits>
        -:  604:    friend
        -:  605:    basic_istream<charT, traits>&
        -:  606:    operator>>(basic_istream<charT, traits>& is,
        -:  607:               bernoulli_distribution& x);
        -:  608:};
        -:  609:
        -:  610:template<class IntType = int>
        -:  611:class binomial_distribution
        -:  612:{
        -:  613:public:
        -:  614:    // types
        -:  615:    typedef IntType result_type;
        -:  616:
        -:  617:    class param_type
        -:  618:    {
        -:  619:    public:
        -:  620:        typedef binomial_distribution distribution_type;
        -:  621:
        -:  622:        explicit param_type(IntType t = 1, double p = 0.5);
        -:  623:
        -:  624:        IntType t() const;
        -:  625:        double p() const;
        -:  626:
        -:  627:        friend bool operator==(const param_type& x, const param_type& y);
        -:  628:        friend bool operator!=(const param_type& x, const param_type& y);
        -:  629:    };
        -:  630:
        -:  631:    // constructors and reset functions
        -:  632:    explicit binomial_distribution(IntType t = 1, double p = 0.5);
        -:  633:    explicit binomial_distribution(const param_type& parm);
        -:  634:    void reset();
        -:  635:
        -:  636:    // generating functions
        -:  637:    template<class URNG> result_type operator()(URNG& g);
        -:  638:    template<class URNG> result_type operator()(URNG& g, const param_type& parm);
        -:  639:
        -:  640:    // property functions
        -:  641:    IntType t() const;
        -:  642:    double p() const;
        -:  643:
        -:  644:    param_type param() const;
        -:  645:    void param(const param_type& parm);
        -:  646:
        -:  647:    result_type min() const;
        -:  648:    result_type max() const;
        -:  649:
        -:  650:    friend bool operator==(const binomial_distribution& x,
        -:  651:                           const binomial_distribution& y);
        -:  652:    friend bool operator!=(const binomial_distribution& x,
        -:  653:                           const binomial_distribution& y);
        -:  654:
        -:  655:    template <class charT, class traits>
        -:  656:    friend
        -:  657:    basic_ostream<charT, traits>&
        -:  658:    operator<<(basic_ostream<charT, traits>& os,
        -:  659:               const binomial_distribution& x);
        -:  660:
        -:  661:    template <class charT, class traits>
        -:  662:    friend
        -:  663:    basic_istream<charT, traits>&
        -:  664:    operator>>(basic_istream<charT, traits>& is,
        -:  665:               binomial_distribution& x);
        -:  666:};
        -:  667:
        -:  668:template<class IntType = int>
        -:  669:class geometric_distribution
        -:  670:{
        -:  671:public:
        -:  672:    // types
        -:  673:    typedef IntType result_type;
        -:  674:
        -:  675:    class param_type
        -:  676:    {
        -:  677:    public:
        -:  678:        typedef geometric_distribution distribution_type;
        -:  679:
        -:  680:        explicit param_type(double p = 0.5);
        -:  681:
        -:  682:        double p() const;
        -:  683:
        -:  684:        friend bool operator==(const param_type& x, const param_type& y);
        -:  685:        friend bool operator!=(const param_type& x, const param_type& y);
        -:  686:    };
        -:  687:
        -:  688:    // constructors and reset functions
        -:  689:    explicit geometric_distribution(double p = 0.5);
        -:  690:    explicit geometric_distribution(const param_type& parm);
        -:  691:    void reset();
        -:  692:
        -:  693:    // generating functions
        -:  694:    template<class URNG> result_type operator()(URNG& g);
        -:  695:    template<class URNG> result_type operator()(URNG& g, const param_type& parm);
        -:  696:
        -:  697:    // property functions
        -:  698:    double p() const;
        -:  699:
        -:  700:    param_type param() const;
        -:  701:    void param(const param_type& parm);
        -:  702:
        -:  703:    result_type min() const;
        -:  704:    result_type max() const;
        -:  705:
        -:  706:    friend bool operator==(const geometric_distribution& x,
        -:  707:                           const geometric_distribution& y);
        -:  708:    friend bool operator!=(const geometric_distribution& x,
        -:  709:                           const geometric_distribution& y);
        -:  710:
        -:  711:    template <class charT, class traits>
        -:  712:    friend
        -:  713:    basic_ostream<charT, traits>&
        -:  714:    operator<<(basic_ostream<charT, traits>& os,
        -:  715:               const geometric_distribution& x);
        -:  716:
        -:  717:    template <class charT, class traits>
        -:  718:    friend
        -:  719:    basic_istream<charT, traits>&
        -:  720:    operator>>(basic_istream<charT, traits>& is,
        -:  721:               geometric_distribution& x);
        -:  722:};
        -:  723:
        -:  724:template<class IntType = int>
        -:  725:class negative_binomial_distribution
        -:  726:{
        -:  727:public:
        -:  728:    // types
        -:  729:    typedef IntType result_type;
        -:  730:
        -:  731:    class param_type
        -:  732:    {
        -:  733:    public:
        -:  734:        typedef negative_binomial_distribution distribution_type;
        -:  735:
        -:  736:        explicit param_type(result_type k = 1, double p = 0.5);
        -:  737:
        -:  738:        result_type k() const;
        -:  739:        double p() const;
        -:  740:
        -:  741:        friend bool operator==(const param_type& x, const param_type& y);
        -:  742:        friend bool operator!=(const param_type& x, const param_type& y);
        -:  743:    };
        -:  744:
        -:  745:    // constructor and reset functions
        -:  746:    explicit negative_binomial_distribution(result_type k = 1, double p = 0.5);
        -:  747:    explicit negative_binomial_distribution(const param_type& parm);
        -:  748:    void reset();
        -:  749:
        -:  750:    // generating functions
        -:  751:    template<class URNG> result_type operator()(URNG& g);
        -:  752:    template<class URNG> result_type operator()(URNG& g, const param_type& parm);
        -:  753:
        -:  754:    // property functions
        -:  755:    result_type k() const;
        -:  756:    double p() const;
        -:  757:
        -:  758:    param_type param() const;
        -:  759:    void param(const param_type& parm);
        -:  760:
        -:  761:    result_type min() const;
        -:  762:    result_type max() const;
        -:  763:
        -:  764:    friend bool operator==(const negative_binomial_distribution& x,
        -:  765:                           const negative_binomial_distribution& y);
        -:  766:    friend bool operator!=(const negative_binomial_distribution& x,
        -:  767:                           const negative_binomial_distribution& y);
        -:  768:
        -:  769:    template <class charT, class traits>
        -:  770:    friend
        -:  771:    basic_ostream<charT, traits>&
        -:  772:    operator<<(basic_ostream<charT, traits>& os,
        -:  773:               const negative_binomial_distribution& x);
        -:  774:
        -:  775:    template <class charT, class traits>
        -:  776:    friend
        -:  777:    basic_istream<charT, traits>&
        -:  778:    operator>>(basic_istream<charT, traits>& is,
        -:  779:               negative_binomial_distribution& x);
        -:  780:};
        -:  781:
        -:  782:template<class IntType = int>
        -:  783:class poisson_distribution
        -:  784:{
        -:  785:public:
        -:  786:    // types
        -:  787:    typedef IntType result_type;
        -:  788:
        -:  789:    class param_type
        -:  790:    {
        -:  791:    public:
        -:  792:        typedef poisson_distribution distribution_type;
        -:  793:
        -:  794:        explicit param_type(double mean = 1.0);
        -:  795:
        -:  796:        double mean() const;
        -:  797:
        -:  798:        friend bool operator==(const param_type& x, const param_type& y);
        -:  799:        friend bool operator!=(const param_type& x, const param_type& y);
        -:  800:    };
        -:  801:
        -:  802:    // constructors and reset functions
        -:  803:    explicit poisson_distribution(double mean = 1.0);
        -:  804:    explicit poisson_distribution(const param_type& parm);
        -:  805:    void reset();
        -:  806:
        -:  807:    // generating functions
        -:  808:    template<class URNG> result_type operator()(URNG& g);
        -:  809:    template<class URNG> result_type operator()(URNG& g, const param_type& parm);
        -:  810:
        -:  811:    // property functions
        -:  812:    double mean() const;
        -:  813:
        -:  814:    param_type param() const;
        -:  815:    void param(const param_type& parm);
        -:  816:
        -:  817:    result_type min() const;
        -:  818:    result_type max() const;
        -:  819:
        -:  820:    friend bool operator==(const poisson_distribution& x,
        -:  821:                           const poisson_distribution& y);
        -:  822:    friend bool operator!=(const poisson_distribution& x,
        -:  823:                           const poisson_distribution& y);
        -:  824:
        -:  825:    template <class charT, class traits>
        -:  826:    friend
        -:  827:    basic_ostream<charT, traits>&
        -:  828:    operator<<(basic_ostream<charT, traits>& os,
        -:  829:               const poisson_distribution& x);
        -:  830:
        -:  831:    template <class charT, class traits>
        -:  832:    friend
        -:  833:    basic_istream<charT, traits>&
        -:  834:    operator>>(basic_istream<charT, traits>& is,
        -:  835:               poisson_distribution& x);
        -:  836:};
        -:  837:
        -:  838:template<class RealType = double>
        -:  839:class exponential_distribution
        -:  840:{
        -:  841:public:
        -:  842:    // types
        -:  843:    typedef RealType result_type;
        -:  844:
        -:  845:    class param_type
        -:  846:    {
        -:  847:    public:
        -:  848:        typedef exponential_distribution distribution_type;
        -:  849:
        -:  850:        explicit param_type(result_type lambda = 1.0);
        -:  851:
        -:  852:        result_type lambda() const;
        -:  853:
        -:  854:        friend bool operator==(const param_type& x, const param_type& y);
        -:  855:        friend bool operator!=(const param_type& x, const param_type& y);
        -:  856:    };
        -:  857:
        -:  858:    // constructors and reset functions
        -:  859:    explicit exponential_distribution(result_type lambda = 1.0);
        -:  860:    explicit exponential_distribution(const param_type& parm);
        -:  861:    void reset();
        -:  862:
        -:  863:    // generating functions
        -:  864:    template<class URNG> result_type operator()(URNG& g);
        -:  865:    template<class URNG> result_type operator()(URNG& g, const param_type& parm);
        -:  866:
        -:  867:    // property functions
        -:  868:    result_type lambda() const;
        -:  869:
        -:  870:    param_type param() const;
        -:  871:    void param(const param_type& parm);
        -:  872:
        -:  873:    result_type min() const;
        -:  874:    result_type max() const;
        -:  875:
        -:  876:    friend bool operator==(const exponential_distribution& x,
        -:  877:                           const exponential_distribution& y);
        -:  878:    friend bool operator!=(const exponential_distribution& x,
        -:  879:                           const exponential_distribution& y);
        -:  880:
        -:  881:    template <class charT, class traits>
        -:  882:    friend
        -:  883:    basic_ostream<charT, traits>&
        -:  884:    operator<<(basic_ostream<charT, traits>& os,
        -:  885:               const exponential_distribution& x);
        -:  886:
        -:  887:    template <class charT, class traits>
        -:  888:    friend
        -:  889:    basic_istream<charT, traits>&
        -:  890:    operator>>(basic_istream<charT, traits>& is,
        -:  891:               exponential_distribution& x);
        -:  892:};
        -:  893:
        -:  894:template<class RealType = double>
        -:  895:class gamma_distribution
        -:  896:{
        -:  897:public:
        -:  898:    // types
        -:  899:    typedef RealType result_type;
        -:  900:
        -:  901:    class param_type
        -:  902:    {
        -:  903:    public:
        -:  904:        typedef gamma_distribution distribution_type;
        -:  905:
        -:  906:        explicit param_type(result_type alpha = 1, result_type beta = 1);
        -:  907:
        -:  908:        result_type alpha() const;
        -:  909:        result_type beta() const;
        -:  910:
        -:  911:        friend bool operator==(const param_type& x, const param_type& y);
        -:  912:        friend bool operator!=(const param_type& x, const param_type& y);
        -:  913:    };
        -:  914:
        -:  915:    // constructors and reset functions
        -:  916:    explicit gamma_distribution(result_type alpha = 1, result_type beta = 1);
        -:  917:    explicit gamma_distribution(const param_type& parm);
        -:  918:    void reset();
        -:  919:
        -:  920:    // generating functions
        -:  921:    template<class URNG> result_type operator()(URNG& g);
        -:  922:    template<class URNG> result_type operator()(URNG& g, const param_type& parm);
        -:  923:
        -:  924:    // property functions
        -:  925:    result_type alpha() const;
        -:  926:    result_type beta() const;
        -:  927:
        -:  928:    param_type param() const;
        -:  929:    void param(const param_type& parm);
        -:  930:
        -:  931:    result_type min() const;
        -:  932:    result_type max() const;
        -:  933:
        -:  934:    friend bool operator==(const gamma_distribution& x,
        -:  935:                           const gamma_distribution& y);
        -:  936:    friend bool operator!=(const gamma_distribution& x,
        -:  937:                           const gamma_distribution& y);
        -:  938:
        -:  939:    template <class charT, class traits>
        -:  940:    friend
        -:  941:    basic_ostream<charT, traits>&
        -:  942:    operator<<(basic_ostream<charT, traits>& os,
        -:  943:               const gamma_distribution& x);
        -:  944:
        -:  945:    template <class charT, class traits>
        -:  946:    friend
        -:  947:    basic_istream<charT, traits>&
        -:  948:    operator>>(basic_istream<charT, traits>& is,
        -:  949:               gamma_distribution& x);
        -:  950:};
        -:  951:
        -:  952:template<class RealType = double>
        -:  953:class weibull_distribution
        -:  954:{
        -:  955:public:
        -:  956:    // types
        -:  957:    typedef RealType result_type;
        -:  958:
        -:  959:    class param_type
        -:  960:    {
        -:  961:    public:
        -:  962:        typedef weibull_distribution distribution_type;
        -:  963:
        -:  964:        explicit param_type(result_type alpha = 1, result_type beta = 1);
        -:  965:
        -:  966:        result_type a() const;
        -:  967:        result_type b() const;
        -:  968:
        -:  969:        friend bool operator==(const param_type& x, const param_type& y);
        -:  970:        friend bool operator!=(const param_type& x, const param_type& y);
        -:  971:    };
        -:  972:
        -:  973:    // constructor and reset functions
        -:  974:    explicit weibull_distribution(result_type a = 1, result_type b = 1);
        -:  975:    explicit weibull_distribution(const param_type& parm);
        -:  976:    void reset();
        -:  977:
        -:  978:    // generating functions
        -:  979:    template<class URNG> result_type operator()(URNG& g);
        -:  980:    template<class URNG> result_type operator()(URNG& g, const param_type& parm);
        -:  981:
        -:  982:    // property functions
        -:  983:    result_type a() const;
        -:  984:    result_type b() const;
        -:  985:
        -:  986:    param_type param() const;
        -:  987:    void param(const param_type& parm);
        -:  988:
        -:  989:    result_type min() const;
        -:  990:    result_type max() const;
        -:  991:
        -:  992:    friend bool operator==(const weibull_distribution& x,
        -:  993:                           const weibull_distribution& y);
        -:  994:    friend bool operator!=(const weibull_distribution& x,
        -:  995:                           const weibull_distribution& y);
        -:  996:
        -:  997:    template <class charT, class traits>
        -:  998:    friend
        -:  999:    basic_ostream<charT, traits>&
        -: 1000:    operator<<(basic_ostream<charT, traits>& os,
        -: 1001:               const weibull_distribution& x);
        -: 1002:
        -: 1003:    template <class charT, class traits>
        -: 1004:    friend
        -: 1005:    basic_istream<charT, traits>&
        -: 1006:    operator>>(basic_istream<charT, traits>& is,
        -: 1007:               weibull_distribution& x);
        -: 1008:};
        -: 1009:
        -: 1010:template<class RealType = double>
        -: 1011:class extreme_value_distribution
        -: 1012:{
        -: 1013:public:
        -: 1014:    // types
        -: 1015:    typedef RealType result_type;
        -: 1016:
        -: 1017:    class param_type
        -: 1018:    {
        -: 1019:    public:
        -: 1020:        typedef extreme_value_distribution distribution_type;
        -: 1021:
        -: 1022:        explicit param_type(result_type a = 0, result_type b = 1);
        -: 1023:
        -: 1024:        result_type a() const;
        -: 1025:        result_type b() const;
        -: 1026:
        -: 1027:        friend bool operator==(const param_type& x, const param_type& y);
        -: 1028:        friend bool operator!=(const param_type& x, const param_type& y);
        -: 1029:    };
        -: 1030:
        -: 1031:    // constructor and reset functions
        -: 1032:    explicit extreme_value_distribution(result_type a = 0, result_type b = 1);
        -: 1033:    explicit extreme_value_distribution(const param_type& parm);
        -: 1034:    void reset();
        -: 1035:
        -: 1036:    // generating functions
        -: 1037:    template<class URNG> result_type operator()(URNG& g);
        -: 1038:    template<class URNG> result_type operator()(URNG& g, const param_type& parm);
        -: 1039:
        -: 1040:    // property functions
        -: 1041:    result_type a() const;
        -: 1042:    result_type b() const;
        -: 1043:
        -: 1044:    param_type param() const;
        -: 1045:    void param(const param_type& parm);
        -: 1046:
        -: 1047:    result_type min() const;
        -: 1048:    result_type max() const;
        -: 1049:
        -: 1050:    friend bool operator==(const extreme_value_distribution& x,
        -: 1051:                           const extreme_value_distribution& y);
        -: 1052:    friend bool operator!=(const extreme_value_distribution& x,
        -: 1053:                           const extreme_value_distribution& y);
        -: 1054:
        -: 1055:    template <class charT, class traits>
        -: 1056:    friend
        -: 1057:    basic_ostream<charT, traits>&
        -: 1058:    operator<<(basic_ostream<charT, traits>& os,
        -: 1059:               const extreme_value_distribution& x);
        -: 1060:
        -: 1061:    template <class charT, class traits>
        -: 1062:    friend
        -: 1063:    basic_istream<charT, traits>&
        -: 1064:    operator>>(basic_istream<charT, traits>& is,
        -: 1065:               extreme_value_distribution& x);
        -: 1066:};
        -: 1067:
        -: 1068:template<class RealType = double>
        -: 1069:class normal_distribution
        -: 1070:{
        -: 1071:public:
        -: 1072:    // types
        -: 1073:    typedef RealType result_type;
        -: 1074:
        -: 1075:    class param_type
        -: 1076:    {
        -: 1077:    public:
        -: 1078:        typedef normal_distribution distribution_type;
        -: 1079:
        -: 1080:        explicit param_type(result_type mean = 0, result_type stddev = 1);
        -: 1081:
        -: 1082:        result_type mean() const;
        -: 1083:        result_type stddev() const;
        -: 1084:
        -: 1085:        friend bool operator==(const param_type& x, const param_type& y);
        -: 1086:        friend bool operator!=(const param_type& x, const param_type& y);
        -: 1087:    };
        -: 1088:
        -: 1089:    // constructors and reset functions
        -: 1090:    explicit normal_distribution(result_type mean = 0, result_type stddev = 1);
        -: 1091:    explicit normal_distribution(const param_type& parm);
        -: 1092:    void reset();
        -: 1093:
        -: 1094:    // generating functions
        -: 1095:    template<class URNG> result_type operator()(URNG& g);
        -: 1096:    template<class URNG> result_type operator()(URNG& g, const param_type& parm);
        -: 1097:
        -: 1098:    // property functions
        -: 1099:    result_type mean() const;
        -: 1100:    result_type stddev() const;
        -: 1101:
        -: 1102:    param_type param() const;
        -: 1103:    void param(const param_type& parm);
        -: 1104:
        -: 1105:    result_type min() const;
        -: 1106:    result_type max() const;
        -: 1107:
        -: 1108:    friend bool operator==(const normal_distribution& x,
        -: 1109:                           const normal_distribution& y);
        -: 1110:    friend bool operator!=(const normal_distribution& x,
        -: 1111:                           const normal_distribution& y);
        -: 1112:
        -: 1113:    template <class charT, class traits>
        -: 1114:    friend
        -: 1115:    basic_ostream<charT, traits>&
        -: 1116:    operator<<(basic_ostream<charT, traits>& os,
        -: 1117:               const normal_distribution& x);
        -: 1118:
        -: 1119:    template <class charT, class traits>
        -: 1120:    friend
        -: 1121:    basic_istream<charT, traits>&
        -: 1122:    operator>>(basic_istream<charT, traits>& is,
        -: 1123:               normal_distribution& x);
        -: 1124:};
        -: 1125:
        -: 1126:template<class RealType = double>
        -: 1127:class lognormal_distribution
        -: 1128:{
        -: 1129:public:
        -: 1130:    // types
        -: 1131:    typedef RealType result_type;
        -: 1132:
        -: 1133:    class param_type
        -: 1134:    {
        -: 1135:    public:
        -: 1136:        typedef lognormal_distribution distribution_type;
        -: 1137:
        -: 1138:        explicit param_type(result_type m = 0, result_type s = 1);
        -: 1139:
        -: 1140:        result_type m() const;
        -: 1141:        result_type s() const;
        -: 1142:
        -: 1143:        friend bool operator==(const param_type& x, const param_type& y);
        -: 1144:        friend bool operator!=(const param_type& x, const param_type& y);
        -: 1145:    };
        -: 1146:
        -: 1147:    // constructor and reset functions
        -: 1148:    explicit lognormal_distribution(result_type m = 0, result_type s = 1);
        -: 1149:    explicit lognormal_distribution(const param_type& parm);
        -: 1150:    void reset();
        -: 1151:
        -: 1152:    // generating functions
        -: 1153:    template<class URNG> result_type operator()(URNG& g);
        -: 1154:    template<class URNG> result_type operator()(URNG& g, const param_type& parm);
        -: 1155:
        -: 1156:    // property functions
        -: 1157:    result_type m() const;
        -: 1158:    result_type s() const;
        -: 1159:
        -: 1160:    param_type param() const;
        -: 1161:    void param(const param_type& parm);
        -: 1162:
        -: 1163:    result_type min() const;
        -: 1164:    result_type max() const;
        -: 1165:
        -: 1166:    friend bool operator==(const lognormal_distribution& x,
        -: 1167:                           const lognormal_distribution& y);
        -: 1168:    friend bool operator!=(const lognormal_distribution& x,
        -: 1169:                           const lognormal_distribution& y);
        -: 1170:
        -: 1171:    template <class charT, class traits>
        -: 1172:    friend
        -: 1173:    basic_ostream<charT, traits>&
        -: 1174:    operator<<(basic_ostream<charT, traits>& os,
        -: 1175:               const lognormal_distribution& x);
        -: 1176:
        -: 1177:    template <class charT, class traits>
        -: 1178:    friend
        -: 1179:    basic_istream<charT, traits>&
        -: 1180:    operator>>(basic_istream<charT, traits>& is,
        -: 1181:               lognormal_distribution& x);
        -: 1182:};
        -: 1183:
        -: 1184:template<class RealType = double>
        -: 1185:class chi_squared_distribution
        -: 1186:{
        -: 1187:public:
        -: 1188:    // types
        -: 1189:    typedef RealType result_type;
        -: 1190:
        -: 1191:    class param_type
        -: 1192:    {
        -: 1193:    public:
        -: 1194:        typedef chi_squared_distribution distribution_type;
        -: 1195:
        -: 1196:        explicit param_type(result_type n = 1);
        -: 1197:
        -: 1198:        result_type n() const;
        -: 1199:
        -: 1200:        friend bool operator==(const param_type& x, const param_type& y);
        -: 1201:        friend bool operator!=(const param_type& x, const param_type& y);
        -: 1202:    };
        -: 1203:
        -: 1204:    // constructor and reset functions
        -: 1205:    explicit chi_squared_distribution(result_type n = 1);
        -: 1206:    explicit chi_squared_distribution(const param_type& parm);
        -: 1207:    void reset();
        -: 1208:
        -: 1209:    // generating functions
        -: 1210:    template<class URNG> result_type operator()(URNG& g);
        -: 1211:    template<class URNG> result_type operator()(URNG& g, const param_type& parm);
        -: 1212:
        -: 1213:    // property functions
        -: 1214:    result_type n() const;
        -: 1215:
        -: 1216:    param_type param() const;
        -: 1217:    void param(const param_type& parm);
        -: 1218:
        -: 1219:    result_type min() const;
        -: 1220:    result_type max() const;
        -: 1221:
        -: 1222:    friend bool operator==(const chi_squared_distribution& x,
        -: 1223:                           const chi_squared_distribution& y);
        -: 1224:    friend bool operator!=(const chi_squared_distribution& x,
        -: 1225:                           const chi_squared_distribution& y);
        -: 1226:
        -: 1227:    template <class charT, class traits>
        -: 1228:    friend
        -: 1229:    basic_ostream<charT, traits>&
        -: 1230:    operator<<(basic_ostream<charT, traits>& os,
        -: 1231:               const chi_squared_distribution& x);
        -: 1232:
        -: 1233:    template <class charT, class traits>
        -: 1234:    friend
        -: 1235:    basic_istream<charT, traits>&
        -: 1236:    operator>>(basic_istream<charT, traits>& is,
        -: 1237:               chi_squared_distribution& x);
        -: 1238:};
        -: 1239:
        -: 1240:template<class RealType = double>
        -: 1241:class cauchy_distribution
        -: 1242:{
        -: 1243:public:
        -: 1244:    // types
        -: 1245:    typedef RealType result_type;
        -: 1246:
        -: 1247:    class param_type
        -: 1248:    {
        -: 1249:    public:
        -: 1250:        typedef cauchy_distribution distribution_type;
        -: 1251:
        -: 1252:        explicit param_type(result_type a = 0, result_type b = 1);
        -: 1253:
        -: 1254:        result_type a() const;
        -: 1255:        result_type b() const;
        -: 1256:
        -: 1257:        friend bool operator==(const param_type& x, const param_type& y);
        -: 1258:        friend bool operator!=(const param_type& x, const param_type& y);
        -: 1259:    };
        -: 1260:
        -: 1261:    // constructor and reset functions
        -: 1262:    explicit cauchy_distribution(result_type a = 0, result_type b = 1);
        -: 1263:    explicit cauchy_distribution(const param_type& parm);
        -: 1264:    void reset();
        -: 1265:
        -: 1266:    // generating functions
        -: 1267:    template<class URNG> result_type operator()(URNG& g);
        -: 1268:    template<class URNG> result_type operator()(URNG& g, const param_type& parm);
        -: 1269:
        -: 1270:    // property functions
        -: 1271:    result_type a() const;
        -: 1272:    result_type b() const;
        -: 1273:
        -: 1274:    param_type param() const;
        -: 1275:    void param(const param_type& parm);
        -: 1276:
        -: 1277:    result_type min() const;
        -: 1278:    result_type max() const;
        -: 1279:
        -: 1280:    friend bool operator==(const cauchy_distribution& x,
        -: 1281:                           const cauchy_distribution& y);
        -: 1282:    friend bool operator!=(const cauchy_distribution& x,
        -: 1283:                           const cauchy_distribution& y);
        -: 1284:
        -: 1285:    template <class charT, class traits>
        -: 1286:    friend
        -: 1287:    basic_ostream<charT, traits>&
        -: 1288:    operator<<(basic_ostream<charT, traits>& os,
        -: 1289:               const cauchy_distribution& x);
        -: 1290:
        -: 1291:    template <class charT, class traits>
        -: 1292:    friend
        -: 1293:    basic_istream<charT, traits>&
        -: 1294:    operator>>(basic_istream<charT, traits>& is,
        -: 1295:               cauchy_distribution& x);
        -: 1296:};
        -: 1297:
        -: 1298:template<class RealType = double>
        -: 1299:class fisher_f_distribution
        -: 1300:{
        -: 1301:public:
        -: 1302:    // types
        -: 1303:    typedef RealType result_type;
        -: 1304:
        -: 1305:    class param_type
        -: 1306:    {
        -: 1307:    public:
        -: 1308:        typedef fisher_f_distribution distribution_type;
        -: 1309:
        -: 1310:        explicit param_type(result_type m = 1, result_type n = 1);
        -: 1311:
        -: 1312:        result_type m() const;
        -: 1313:        result_type n() const;
        -: 1314:
        -: 1315:        friend bool operator==(const param_type& x, const param_type& y);
        -: 1316:        friend bool operator!=(const param_type& x, const param_type& y);
        -: 1317:    };
        -: 1318:
        -: 1319:    // constructor and reset functions
        -: 1320:    explicit fisher_f_distribution(result_type m = 1, result_type n = 1);
        -: 1321:    explicit fisher_f_distribution(const param_type& parm);
        -: 1322:    void reset();
        -: 1323:
        -: 1324:    // generating functions
        -: 1325:    template<class URNG> result_type operator()(URNG& g);
        -: 1326:    template<class URNG> result_type operator()(URNG& g, const param_type& parm);
        -: 1327:
        -: 1328:    // property functions
        -: 1329:    result_type m() const;
        -: 1330:    result_type n() const;
        -: 1331:
        -: 1332:    param_type param() const;
        -: 1333:    void param(const param_type& parm);
        -: 1334:
        -: 1335:    result_type min() const;
        -: 1336:    result_type max() const;
        -: 1337:
        -: 1338:    friend bool operator==(const fisher_f_distribution& x,
        -: 1339:                           const fisher_f_distribution& y);
        -: 1340:    friend bool operator!=(const fisher_f_distribution& x,
        -: 1341:                           const fisher_f_distribution& y);
        -: 1342:
        -: 1343:    template <class charT, class traits>
        -: 1344:    friend
        -: 1345:    basic_ostream<charT, traits>&
        -: 1346:    operator<<(basic_ostream<charT, traits>& os,
        -: 1347:               const fisher_f_distribution& x);
        -: 1348:
        -: 1349:    template <class charT, class traits>
        -: 1350:    friend
        -: 1351:    basic_istream<charT, traits>&
        -: 1352:    operator>>(basic_istream<charT, traits>& is,
        -: 1353:               fisher_f_distribution& x);
        -: 1354:};
        -: 1355:
        -: 1356:template<class RealType = double>
        -: 1357:class student_t_distribution
        -: 1358:{
        -: 1359:public:
        -: 1360:    // types
        -: 1361:    typedef RealType result_type;
        -: 1362:
        -: 1363:    class param_type
        -: 1364:    {
        -: 1365:    public:
        -: 1366:        typedef student_t_distribution distribution_type;
        -: 1367:
        -: 1368:        explicit param_type(result_type n = 1);
        -: 1369:
        -: 1370:        result_type n() const;
        -: 1371:
        -: 1372:        friend bool operator==(const param_type& x, const param_type& y);
        -: 1373:        friend bool operator!=(const param_type& x, const param_type& y);
        -: 1374:    };
        -: 1375:
        -: 1376:    // constructor and reset functions
        -: 1377:    explicit student_t_distribution(result_type n = 1);
        -: 1378:    explicit student_t_distribution(const param_type& parm);
        -: 1379:    void reset();
        -: 1380:
        -: 1381:    // generating functions
        -: 1382:    template<class URNG> result_type operator()(URNG& g);
        -: 1383:    template<class URNG> result_type operator()(URNG& g, const param_type& parm);
        -: 1384:
        -: 1385:    // property functions
        -: 1386:    result_type n() const;
        -: 1387:
        -: 1388:    param_type param() const;
        -: 1389:    void param(const param_type& parm);
        -: 1390:
        -: 1391:    result_type min() const;
        -: 1392:    result_type max() const;
        -: 1393:
        -: 1394:    friend bool operator==(const student_t_distribution& x,
        -: 1395:                           const student_t_distribution& y);
        -: 1396:    friend bool operator!=(const student_t_distribution& x,
        -: 1397:                           const student_t_distribution& y);
        -: 1398:
        -: 1399:    template <class charT, class traits>
        -: 1400:    friend
        -: 1401:    basic_ostream<charT, traits>&
        -: 1402:    operator<<(basic_ostream<charT, traits>& os,
        -: 1403:               const student_t_distribution& x);
        -: 1404:
        -: 1405:    template <class charT, class traits>
        -: 1406:    friend
        -: 1407:    basic_istream<charT, traits>&
        -: 1408:    operator>>(basic_istream<charT, traits>& is,
        -: 1409:               student_t_distribution& x);
        -: 1410:};
        -: 1411:
        -: 1412:template<class IntType = int>
        -: 1413:class discrete_distribution
        -: 1414:{
        -: 1415:public:
        -: 1416:    // types
        -: 1417:    typedef IntType result_type;
        -: 1418:
        -: 1419:    class param_type
        -: 1420:    {
        -: 1421:    public:
        -: 1422:        typedef discrete_distribution distribution_type;
        -: 1423:
        -: 1424:        param_type();
        -: 1425:        template<class InputIterator>
        -: 1426:            param_type(InputIterator firstW, InputIterator lastW);
        -: 1427:        param_type(initializer_list<double> wl);
        -: 1428:        template<class UnaryOperation>
        -: 1429:            param_type(size_t nw, double xmin, double xmax, UnaryOperation fw);
        -: 1430:
        -: 1431:        vector<double> probabilities() const;
        -: 1432:
        -: 1433:        friend bool operator==(const param_type& x, const param_type& y);
        -: 1434:        friend bool operator!=(const param_type& x, const param_type& y);
        -: 1435:    };
        -: 1436:
        -: 1437:    // constructor and reset functions
        -: 1438:    discrete_distribution();
        -: 1439:    template<class InputIterator>
        -: 1440:        discrete_distribution(InputIterator firstW, InputIterator lastW);
        -: 1441:    discrete_distribution(initializer_list<double> wl);
        -: 1442:    template<class UnaryOperation>
        -: 1443:        discrete_distribution(size_t nw, double xmin, double xmax,
        -: 1444:                              UnaryOperation fw);
        -: 1445:    explicit discrete_distribution(const param_type& parm);
        -: 1446:    void reset();
        -: 1447:
        -: 1448:    // generating functions
        -: 1449:    template<class URNG> result_type operator()(URNG& g);
        -: 1450:    template<class URNG> result_type operator()(URNG& g, const param_type& parm);
        -: 1451:
        -: 1452:    // property functions
        -: 1453:    vector<double> probabilities() const;
        -: 1454:
        -: 1455:    param_type param() const;
        -: 1456:    void param(const param_type& parm);
        -: 1457:
        -: 1458:    result_type min() const;
        -: 1459:    result_type max() const;
        -: 1460:
        -: 1461:    friend bool operator==(const discrete_distribution& x,
        -: 1462:                           const discrete_distribution& y);
        -: 1463:    friend bool operator!=(const discrete_distribution& x,
        -: 1464:                           const discrete_distribution& y);
        -: 1465:
        -: 1466:    template <class charT, class traits>
        -: 1467:    friend
        -: 1468:    basic_ostream<charT, traits>&
        -: 1469:    operator<<(basic_ostream<charT, traits>& os,
        -: 1470:               const discrete_distribution& x);
        -: 1471:
        -: 1472:    template <class charT, class traits>
        -: 1473:    friend
        -: 1474:    basic_istream<charT, traits>&
        -: 1475:    operator>>(basic_istream<charT, traits>& is,
        -: 1476:               discrete_distribution& x);
        -: 1477:};
        -: 1478:
        -: 1479:template<class RealType = double>
        -: 1480:class piecewise_constant_distribution
        -: 1481:{
        -: 1482:    // types
        -: 1483:    typedef RealType result_type;
        -: 1484:
        -: 1485:    class param_type
        -: 1486:    {
        -: 1487:    public:
        -: 1488:        typedef piecewise_constant_distribution distribution_type;
        -: 1489:
        -: 1490:        param_type();
        -: 1491:        template<class InputIteratorB, class InputIteratorW>
        -: 1492:            param_type(InputIteratorB firstB, InputIteratorB lastB,
        -: 1493:                       InputIteratorW firstW);
        -: 1494:        template<class UnaryOperation>
        -: 1495:            param_type(initializer_list<result_type> bl, UnaryOperation fw);
        -: 1496:        template<class UnaryOperation>
        -: 1497:            param_type(size_t nw, result_type xmin, result_type xmax,
        -: 1498:                       UnaryOperation fw);
        -: 1499:
        -: 1500:        vector<result_type> intervals() const;
        -: 1501:        vector<result_type> densities() const;
        -: 1502:
        -: 1503:        friend bool operator==(const param_type& x, const param_type& y);
        -: 1504:        friend bool operator!=(const param_type& x, const param_type& y);
        -: 1505:    };
        -: 1506:
        -: 1507:    // constructor and reset functions
        -: 1508:    piecewise_constant_distribution();
        -: 1509:    template<class InputIteratorB, class InputIteratorW>
        -: 1510:        piecewise_constant_distribution(InputIteratorB firstB,
        -: 1511:                                        InputIteratorB lastB,
        -: 1512:                                        InputIteratorW firstW);
        -: 1513:    template<class UnaryOperation>
        -: 1514:        piecewise_constant_distribution(initializer_list<result_type> bl,
        -: 1515:                                        UnaryOperation fw);
        -: 1516:    template<class UnaryOperation>
        -: 1517:        piecewise_constant_distribution(size_t nw, result_type xmin,
        -: 1518:                                        result_type xmax, UnaryOperation fw);
        -: 1519:    explicit piecewise_constant_distribution(const param_type& parm);
        -: 1520:    void reset();
        -: 1521:
        -: 1522:    // generating functions
        -: 1523:    template<class URNG> result_type operator()(URNG& g);
        -: 1524:    template<class URNG> result_type operator()(URNG& g, const param_type& parm);
        -: 1525:
        -: 1526:    // property functions
        -: 1527:    vector<result_type> intervals() const;
        -: 1528:    vector<result_type> densities() const;
        -: 1529:
        -: 1530:    param_type param() const;
        -: 1531:    void param(const param_type& parm);
        -: 1532:
        -: 1533:    result_type min() const;
        -: 1534:    result_type max() const;
        -: 1535:
        -: 1536:    friend bool operator==(const piecewise_constant_distribution& x,
        -: 1537:                           const piecewise_constant_distribution& y);
        -: 1538:    friend bool operator!=(const piecewise_constant_distribution& x,
        -: 1539:                           const piecewise_constant_distribution& y);
        -: 1540:
        -: 1541:    template <class charT, class traits>
        -: 1542:    friend
        -: 1543:    basic_ostream<charT, traits>&
        -: 1544:    operator<<(basic_ostream<charT, traits>& os,
        -: 1545:               const piecewise_constant_distribution& x);
        -: 1546:
        -: 1547:    template <class charT, class traits>
        -: 1548:    friend
        -: 1549:    basic_istream<charT, traits>&
        -: 1550:    operator>>(basic_istream<charT, traits>& is,
        -: 1551:               piecewise_constant_distribution& x);
        -: 1552:};
        -: 1553:
        -: 1554:template<class RealType = double>
        -: 1555:class piecewise_linear_distribution
        -: 1556:{
        -: 1557:    // types
        -: 1558:    typedef RealType result_type;
        -: 1559:
        -: 1560:    class param_type
        -: 1561:    {
        -: 1562:    public:
        -: 1563:        typedef piecewise_linear_distribution distribution_type;
        -: 1564:
        -: 1565:        param_type();
        -: 1566:        template<class InputIteratorB, class InputIteratorW>
        -: 1567:            param_type(InputIteratorB firstB, InputIteratorB lastB,
        -: 1568:                       InputIteratorW firstW);
        -: 1569:        template<class UnaryOperation>
        -: 1570:            param_type(initializer_list<result_type> bl, UnaryOperation fw);
        -: 1571:        template<class UnaryOperation>
        -: 1572:            param_type(size_t nw, result_type xmin, result_type xmax,
        -: 1573:                       UnaryOperation fw);
        -: 1574:
        -: 1575:        vector<result_type> intervals() const;
        -: 1576:        vector<result_type> densities() const;
        -: 1577:
        -: 1578:        friend bool operator==(const param_type& x, const param_type& y);
        -: 1579:        friend bool operator!=(const param_type& x, const param_type& y);
        -: 1580:    };
        -: 1581:
        -: 1582:    // constructor and reset functions
        -: 1583:    piecewise_linear_distribution();
        -: 1584:    template<class InputIteratorB, class InputIteratorW>
        -: 1585:        piecewise_linear_distribution(InputIteratorB firstB,
        -: 1586:                                      InputIteratorB lastB,
        -: 1587:                                      InputIteratorW firstW);
        -: 1588:
        -: 1589:    template<class UnaryOperation>
        -: 1590:        piecewise_linear_distribution(initializer_list<result_type> bl,
        -: 1591:                                      UnaryOperation fw);
        -: 1592:
        -: 1593:    template<class UnaryOperation>
        -: 1594:        piecewise_linear_distribution(size_t nw, result_type xmin,
        -: 1595:                                      result_type xmax, UnaryOperation fw);
        -: 1596:
        -: 1597:    explicit piecewise_linear_distribution(const param_type& parm);
        -: 1598:    void reset();
        -: 1599:
        -: 1600:    // generating functions
        -: 1601:    template<class URNG> result_type operator()(URNG& g);
        -: 1602:    template<class URNG> result_type operator()(URNG& g, const param_type& parm);
        -: 1603:
        -: 1604:    // property functions
        -: 1605:    vector<result_type> intervals() const;
        -: 1606:    vector<result_type> densities() const;
        -: 1607:
        -: 1608:    param_type param() const;
        -: 1609:    void param(const param_type& parm);
        -: 1610:
        -: 1611:    result_type min() const;
        -: 1612:    result_type max() const;
        -: 1613:
        -: 1614:    friend bool operator==(const piecewise_linear_distribution& x,
        -: 1615:                           const piecewise_linear_distribution& y);
        -: 1616:    friend bool operator!=(const piecewise_linear_distribution& x,
        -: 1617:                           const piecewise_linear_distribution& y);
        -: 1618:
        -: 1619:    template <class charT, class traits>
        -: 1620:    friend
        -: 1621:    basic_ostream<charT, traits>&
        -: 1622:    operator<<(basic_ostream<charT, traits>& os,
        -: 1623:               const piecewise_linear_distribution& x);
        -: 1624:
        -: 1625:    template <class charT, class traits>
        -: 1626:    friend
        -: 1627:    basic_istream<charT, traits>&
        -: 1628:    operator>>(basic_istream<charT, traits>& is,
        -: 1629:               piecewise_linear_distribution& x);
        -: 1630:};
        -: 1631:
        -: 1632:} // std
        -: 1633:*/
        -: 1634:
        -: 1635:#include <__config>
        -: 1636:#include <cstddef>
        -: 1637:#include <cstdint>
        -: 1638:#include <cmath>
        -: 1639:#include <type_traits>
        -: 1640:#include <initializer_list>
        -: 1641:#include <limits>
        -: 1642:#include <algorithm>
        -: 1643:#include <numeric>
        -: 1644:#include <vector>
        -: 1645:#include <string>
        -: 1646:#include <istream>
        -: 1647:#include <ostream>
        -: 1648:
        -: 1649:#if !defined(_LIBCPP_HAS_NO_PRAGMA_SYSTEM_HEADER)
        -: 1650:#pragma GCC system_header
        -: 1651:#endif
        -: 1652:
        -: 1653:_LIBCPP_PUSH_MACROS
        -: 1654:#include <__undef_macros>
        -: 1655:
        -: 1656:
        -: 1657:_LIBCPP_BEGIN_NAMESPACE_STD
        -: 1658:
        -: 1659:// __is_seed_sequence
        -: 1660:
        -: 1661:template <class _Sseq, class _Engine>
        -: 1662:struct __is_seed_sequence
        -: 1663:{
        -: 1664:    static _LIBCPP_CONSTEXPR const bool value =
        -: 1665:              !is_convertible<_Sseq, typename _Engine::result_type>::value &&
        -: 1666:              !is_same<typename remove_cv<_Sseq>::type, _Engine>::value;
        -: 1667:};
        -: 1668:
        -: 1669:// linear_congruential_engine
        -: 1670:
        -: 1671:template <unsigned long long __a, unsigned long long __c,
        -: 1672:          unsigned long long __m, unsigned long long _Mp,
        -: 1673:          bool _MightOverflow = (__a != 0 && __m != 0 && __m-1 > (_Mp-__c)/__a)>
        -: 1674:struct __lce_ta;
        -: 1675:
        -: 1676:// 64
        -: 1677:
        -: 1678:template <unsigned long long __a, unsigned long long __c, unsigned long long __m>
        -: 1679:struct __lce_ta<__a, __c, __m, (unsigned long long)(~0), true>
        -: 1680:{
        -: 1681:    typedef unsigned long long result_type;
        -: 1682:    _LIBCPP_INLINE_VISIBILITY
        -: 1683:    static result_type next(result_type __x)
        -: 1684:    {
        -: 1685:        // Schrage's algorithm
        -: 1686:        const result_type __q = __m / __a;
        -: 1687:        const result_type __r = __m % __a;
        -: 1688:        const result_type __t0 = __a * (__x % __q);
        -: 1689:        const result_type __t1 = __r * (__x / __q);
        -: 1690:        __x = __t0 + (__t0 < __t1) * __m - __t1;
        -: 1691:        __x += __c - (__x >= __m - __c) * __m;
        -: 1692:        return __x;
        -: 1693:    }
        -: 1694:};
        -: 1695:
        -: 1696:template <unsigned long long __a, unsigned long long __m>
        -: 1697:struct __lce_ta<__a, 0, __m, (unsigned long long)(~0), true>
        -: 1698:{
        -: 1699:    typedef unsigned long long result_type;
[...]
        -: 6335:_RealType
        -: 6336:piecewise_constant_distribution<_RealType>::operator()(_URNG& __g, const param_type& __p)
        -: 6337:{
        -: 6338:    typedef uniform_real_distribution<result_type> _Gen;
        -: 6339:    result_type __u = _Gen()(__g);
        -: 6340:    ptrdiff_t __k = _VSTD::upper_bound(__p.__areas_.begin(), __p.__areas_.end(),
        -: 6341:                                      __u) - __p.__areas_.begin() - 1;
        -: 6342:    return (__u - __p.__areas_[__k]) / __p.__densities_[__k] + __p.__b_[__k];
        -: 6343:}
        -: 6344:
        -: 6345:template <class _CharT, class _Traits, class _RT>
        -: 6346:basic_ostream<_CharT, _Traits>&
        -: 6347:operator<<(basic_ostream<_CharT, _Traits>& __os,
        -: 6348:           const piecewise_constant_distribution<_RT>& __x)
        -: 6349:{
        -: 6350:    __save_flags<_CharT, _Traits> __lx(__os);
        -: 6351:    __os.flags(ios_base::dec | ios_base::left | ios_base::fixed |
        -: 6352:               ios_base::scientific);
        -: 6353:    _CharT __sp = __os.widen(' ');
        -: 6354:    __os.fill(__sp);
        -: 6355:    size_t __n = __x.__p_.__b_.size();
        -: 6356:    __os << __n;
        -: 6357:    for (size_t __i = 0; __i < __n; ++__i)
        -: 6358:        __os << __sp << __x.__p_.__b_[__i];
        -: 6359:    __n = __x.__p_.__densities_.size();
        -: 6360:    __os << __sp << __n;
        -: 6361:    for (size_t __i = 0; __i < __n; ++__i)
        -: 6362:        __os << __sp << __x.__p_.__densities_[__i];
        -: 6363:    __n = __x.__p_.__areas_.size();
        -: 6364:    __os << __sp << __n;
        -: 6365:    for (size_t __i = 0; __i < __n; ++__i)
        -: 6366:        __os << __sp << __x.__p_.__areas_[__i];
        -: 6367:    return __os;
        -: 6368:}
        -: 6369:
        -: 6370:template <class _CharT, class _Traits, class _RT>
        -: 6371:basic_istream<_CharT, _Traits>&
        -: 6372:operator>>(basic_istream<_CharT, _Traits>& __is,
        -: 6373:           piecewise_constant_distribution<_RT>& __x)
        -: 6374:{
        -: 6375:    typedef piecewise_constant_distribution<_RT> _Eng;
        -: 6376:    typedef typename _Eng::result_type result_type;
        -: 6377:    __save_flags<_CharT, _Traits> __lx(__is);
        -: 6378:    __is.flags(ios_base::dec | ios_base::skipws);
        -: 6379:    size_t __n;
        -: 6380:    __is >> __n;
        -: 6381:    vector<result_type> __b(__n);
        -: 6382:    for (size_t __i = 0; __i < __n; ++__i)
        -: 6383:        __is >> __b[__i];
        -: 6384:    __is >> __n;
        -: 6385:    vector<result_type> __densities(__n);
        -: 6386:    for (size_t __i = 0; __i < __n; ++__i)
        -: 6387:        __is >> __densities[__i];
        -: 6388:    __is >> __n;
        -: 6389:    vector<result_type> __areas(__n);
        -: 6390:    for (size_t __i = 0; __i < __n; ++__i)
        -: 6391:        __is >> __areas[__i];
        -: 6392:    if (!__is.fail())
        -: 6393:    {
        -: 6394:        swap(__x.__p_.__b_, __b);
        -: 6395:        swap(__x.__p_.__densities_, __densities);
        -: 6396:        swap(__x.__p_.__areas_, __areas);
        -: 6397:    }
        -: 6398:    return __is;
        -: 6399:}
        -: 6400:
        -: 6401:// piecewise_linear_distribution
        -: 6402:
        -: 6403:template<class _RealType = double>
        -: 6404:class _LIBCPP_TEMPLATE_VIS piecewise_linear_distribution
        -: 6405:{
        -: 6406:public:
        -: 6407:    // types
        -: 6408:    typedef _RealType result_type;
        -: 6409:
        -: 6410:    class _LIBCPP_TEMPLATE_VIS param_type
        -: 6411:    {
        -: 6412:        vector<result_type> __b_;
        -: 6413:        vector<result_type> __densities_;
        -: 6414:        vector<result_type> __areas_;
        -: 6415:    public:
        -: 6416:        typedef piecewise_linear_distribution distribution_type;
        -: 6417:
        -: 6418:        param_type();
        -: 6419:        template<class _InputIteratorB, class _InputIteratorW>
        -: 6420:            param_type(_InputIteratorB __fB, _InputIteratorB __lB,
        -: 6421:                       _InputIteratorW __fW);
        -: 6422:#ifndef _LIBCPP_CXX03_LANG
        -: 6423:        template<class _UnaryOperation>
        -: 6424:            param_type(initializer_list<result_type> __bl, _UnaryOperation __fw);
        -: 6425:#endif  // _LIBCPP_CXX03_LANG
        -: 6426:        template<class _UnaryOperation>
        -: 6427:            param_type(size_t __nw, result_type __xmin, result_type __xmax,
        -: 6428:                       _UnaryOperation __fw);
        -: 6429:        param_type & operator=(const param_type& __rhs);
        -: 6430:        
        -: 6431:        _LIBCPP_INLINE_VISIBILITY
        -: 6432:        vector<result_type> intervals() const {return __b_;}
        -: 6433:        _LIBCPP_INLINE_VISIBILITY
        -: 6434:        vector<result_type> densities() const {return __densities_;}
        -: 6435:
        -: 6436:        friend _LIBCPP_INLINE_VISIBILITY
        -: 6437:            bool operator==(const param_type& __x, const param_type& __y)
        -: 6438:            {return __x.__densities_ == __y.__densities_ && __x.__b_ == __y.__b_;}
        -: 6439:        friend _LIBCPP_INLINE_VISIBILITY
        -: 6440:            bool operator!=(const param_type& __x, const param_type& __y)
        -: 6441:            {return !(__x == __y);}
        -: 6442:
        -: 6443:    private:
        -: 6444:        void __init();
        -: 6445:
        -: 6446:        friend class piecewise_linear_distribution;
        -: 6447:
        -: 6448:        template <class _CharT, class _Traits, class _RT>
        -: 6449:        friend
        -: 6450:        basic_ostream<_CharT, _Traits>&
        -: 6451:        operator<<(basic_ostream<_CharT, _Traits>& __os,
        -: 6452:                   const piecewise_linear_distribution<_RT>& __x);
        -: 6453:
        -: 6454:        template <class _CharT, class _Traits, class _RT>
        -: 6455:        friend
        -: 6456:        basic_istream<_CharT, _Traits>&
        -: 6457:        operator>>(basic_istream<_CharT, _Traits>& __is,
        -: 6458:                   piecewise_linear_distribution<_RT>& __x);
        -: 6459:    };
        -: 6460:
        -: 6461:private:
        -: 6462:    param_type __p_;
        -: 6463:
        -: 6464:public:
        -: 6465:    // constructor and reset functions
        -: 6466:    _LIBCPP_INLINE_VISIBILITY
        -: 6467:    piecewise_linear_distribution() {}
        -: 6468:    template<class _InputIteratorB, class _InputIteratorW>
        -: 6469:        _LIBCPP_INLINE_VISIBILITY
        -: 6470:        piecewise_linear_distribution(_InputIteratorB __fB,
        -: 6471:                                      _InputIteratorB __lB,
        -: 6472:                                      _InputIteratorW __fW)
        -: 6473:        : __p_(__fB, __lB, __fW) {}
        -: 6474:
        -: 6475:#ifndef _LIBCPP_CXX03_LANG
        -: 6476:    template<class _UnaryOperation>
        -: 6477:        _LIBCPP_INLINE_VISIBILITY
        -: 6478:        piecewise_linear_distribution(initializer_list<result_type> __bl,
        -: 6479:                                      _UnaryOperation __fw)
        -: 6480:        : __p_(__bl, __fw) {}
        -: 6481:#endif  // _LIBCPP_CXX03_LANG
        -: 6482:
        -: 6483:    template<class _UnaryOperation>
        -: 6484:        _LIBCPP_INLINE_VISIBILITY
        -: 6485:        piecewise_linear_distribution(size_t __nw, result_type __xmin,
        -: 6486:                                      result_type __xmax, _UnaryOperation __fw)
        -: 6487:        : __p_(__nw, __xmin, __xmax, __fw) {}
        -: 6488:
        -: 6489:    _LIBCPP_INLINE_VISIBILITY
        -: 6490:    explicit piecewise_linear_distribution(const param_type& __p)
        -: 6491:        : __p_(__p) {}
        -: 6492:
        -: 6493:    _LIBCPP_INLINE_VISIBILITY
        -: 6494:    void reset() {}
        -: 6495:
        -: 6496:    // generating functions
        -: 6497:    template<class _URNG>
        -: 6498:        _LIBCPP_INLINE_VISIBILITY
        -: 6499:        result_type operator()(_URNG& __g)
        -: 6500:        {return (*this)(__g, __p_);}
        -: 6501:    template<class _URNG> result_type operator()(_URNG& __g, const param_type& __p);
        -: 6502:
        -: 6503:    // property functions
        -: 6504:    _LIBCPP_INLINE_VISIBILITY
        -: 6505:    vector<result_type> intervals() const {return __p_.intervals();}
        -: 6506:    _LIBCPP_INLINE_VISIBILITY
        -: 6507:    vector<result_type> densities() const {return __p_.densities();}
        -: 6508:
        -: 6509:    _LIBCPP_INLINE_VISIBILITY
        -: 6510:    param_type param() const {return __p_;}
        -: 6511:    _LIBCPP_INLINE_VISIBILITY
        -: 6512:    void param(const param_type& __p) {__p_ = __p;}
        -: 6513:
        -: 6514:    _LIBCPP_INLINE_VISIBILITY
        -: 6515:    result_type min() const {return __p_.__b_.front();}
        -: 6516:    _LIBCPP_INLINE_VISIBILITY
        -: 6517:    result_type max() const {return __p_.__b_.back();}
        -: 6518:
        -: 6519:    friend _LIBCPP_INLINE_VISIBILITY
        -: 6520:        bool operator==(const piecewise_linear_distribution& __x,
        -: 6521:                        const piecewise_linear_distribution& __y)
        -: 6522:        {return __x.__p_ == __y.__p_;}
        -: 6523:    friend _LIBCPP_INLINE_VISIBILITY
        -: 6524:        bool operator!=(const piecewise_linear_distribution& __x,
        -: 6525:                        const piecewise_linear_distribution& __y)
        -: 6526:        {return !(__x == __y);}
        -: 6527:
        -: 6528:    template <class _CharT, class _Traits, class _RT>
        -: 6529:    friend
        -: 6530:    basic_ostream<_CharT, _Traits>&
        -: 6531:    operator<<(basic_ostream<_CharT, _Traits>& __os,
        -: 6532:               const piecewise_linear_distribution<_RT>& __x);
        -: 6533:
        -: 6534:    template <class _CharT, class _Traits, class _RT>
        -: 6535:    friend
        -: 6536:    basic_istream<_CharT, _Traits>&
        -: 6537:    operator>>(basic_istream<_CharT, _Traits>& __is,
        -: 6538:               piecewise_linear_distribution<_RT>& __x);
        -: 6539:};
        -: 6540:
        -: 6541:template<class _RealType>
        -: 6542:typename piecewise_linear_distribution<_RealType>::param_type &
        -: 6543:piecewise_linear_distribution<_RealType>::param_type::operator=
        -: 6544:                                                       (const param_type& __rhs)
        -: 6545:{
        -: 6546://  These can throw
        -: 6547:    __b_.reserve        (__rhs.__b_.size ());
        -: 6548:    __densities_.reserve(__rhs.__densities_.size());
        -: 6549:    __areas_.reserve    (__rhs.__areas_.size());
        -: 6550:
        -: 6551://  These can not throw
        -: 6552:    __b_         = __rhs.__b_;
        -: 6553:    __densities_ = __rhs.__densities_;
        -: 6554:    __areas_     =  __rhs.__areas_;
        -: 6555:    return *this;
        -: 6556:}
        -: 6557:
        -: 6558:
        -: 6559:template<class _RealType>
        -: 6560:void
        -: 6561:piecewise_linear_distribution<_RealType>::param_type::__init()
        -: 6562:{
        -: 6563:    __areas_.assign(__densities_.size() - 1, result_type());
        -: 6564:    result_type _Sp = 0;
        -: 6565:    for (size_t __i = 0; __i < __areas_.size(); ++__i)
        -: 6566:    {
        -: 6567:        __areas_[__i] = (__densities_[__i+1] + __densities_[__i]) *
        -: 6568:                        (__b_[__i+1] - __b_[__i]) * .5;
        -: 6569:        _Sp += __areas_[__i];
        -: 6570:    }
        -: 6571:    for (size_t __i = __areas_.size(); __i > 1;)
        -: 6572:    {
        -: 6573:        --__i;
        -: 6574:        __areas_[__i] = __areas_[__i-1] / _Sp;
        -: 6575:    }
        -: 6576:    __areas_[0] = 0;
        -: 6577:    for (size_t __i = 1; __i < __areas_.size(); ++__i)
        -: 6578:        __areas_[__i] += __areas_[__i-1];
        -: 6579:    for (size_t __i = 0; __i < __densities_.size(); ++__i)
        -: 6580:        __densities_[__i] /= _Sp;
        -: 6581:}
        -: 6582:
        -: 6583:template<class _RealType>
        -: 6584:piecewise_linear_distribution<_RealType>::param_type::param_type()
        -: 6585:    : __b_(2),
        -: 6586:      __densities_(2, 1.0),
        -: 6587:      __areas_(1, 0.0)
        -: 6588:{
        -: 6589:    __b_[1] = 1;
        -: 6590:}
        -: 6591:
        -: 6592:template<class _RealType>
        -: 6593:template<class _InputIteratorB, class _InputIteratorW>
        -: 6594:piecewise_linear_distribution<_RealType>::param_type::param_type(
        -: 6595:        _InputIteratorB __fB, _InputIteratorB __lB, _InputIteratorW __fW)
        -: 6596:    : __b_(__fB, __lB)
        -: 6597:{
        -: 6598:    if (__b_.size() < 2)
        -: 6599:    {
        -: 6600:        __b_.resize(2);
        -: 6601:        __b_[0] = 0;
        -: 6602:        __b_[1] = 1;
        -: 6603:        __densities_.assign(2, 1.0);
        -: 6604:        __areas_.assign(1, 0.0);
        -: 6605:    }
        -: 6606:    else
        -: 6607:    {
        -: 6608:        __densities_.reserve(__b_.size());
        -: 6609:        for (size_t __i = 0; __i < __b_.size(); ++__i, ++__fW)
        -: 6610:            __densities_.push_back(*__fW);
        -: 6611:        __init();
        -: 6612:    }
        -: 6613:}
        -: 6614:
        -: 6615:#ifndef _LIBCPP_CXX03_LANG
        -: 6616:
        -: 6617:template<class _RealType>
        -: 6618:template<class _UnaryOperation>
        -: 6619:piecewise_linear_distribution<_RealType>::param_type::param_type(
        -: 6620:        initializer_list<result_type> __bl, _UnaryOperation __fw)
        -: 6621:    : __b_(__bl.begin(), __bl.end())
        -: 6622:{
        -: 6623:    if (__b_.size() < 2)
        -: 6624:    {
        -: 6625:        __b_.resize(2);
        -: 6626:        __b_[0] = 0;
        -: 6627:        __b_[1] = 1;
        -: 6628:        __densities_.assign(2, 1.0);
        -: 6629:        __areas_.assign(1, 0.0);
        -: 6630:    }
        -: 6631:    else
        -: 6632:    {
        -: 6633:        __densities_.reserve(__b_.size());
        -: 6634:        for (size_t __i = 0; __i < __b_.size(); ++__i)
        -: 6635:            __densities_.push_back(__fw(__b_[__i]));
        -: 6636:        __init();
        -: 6637:    }
        -: 6638:}
        -: 6639:
        -: 6640:#endif  // _LIBCPP_CXX03_LANG
        -: 6641:
        -: 6642:template<class _RealType>
        -: 6643:template<class _UnaryOperation>
        -: 6644:piecewise_linear_distribution<_RealType>::param_type::param_type(
        -: 6645:        size_t __nw, result_type __xmin, result_type __xmax, _UnaryOperation __fw)
        -: 6646:    : __b_(__nw == 0 ? 2 : __nw + 1)
        -: 6647:{
        -: 6648:    size_t __n = __b_.size() - 1;
        -: 6649:    result_type __d = (__xmax - __xmin) / __n;
        -: 6650:    __densities_.reserve(__b_.size());
        -: 6651:    for (size_t __i = 0; __i < __n; ++__i)
        -: 6652:    {
        -: 6653:        __b_[__i] = __xmin + __i * __d;
        -: 6654:        __densities_.push_back(__fw(__b_[__i]));
        -: 6655:    }
        -: 6656:    __b_[__n] = __xmax;
        -: 6657:    __densities_.push_back(__fw(__b_[__n]));
        -: 6658:    __init();
        -: 6659:}
        -: 6660:
        -: 6661:template<class _RealType>
        -: 6662:template<class _URNG>
        -: 6663:_RealType
        -: 6664:piecewise_linear_distribution<_RealType>::operator()(_URNG& __g, const param_type& __p)
        -: 6665:{
        -: 6666:    typedef uniform_real_distribution<result_type> _Gen;
        -: 6667:    result_type __u = _Gen()(__g);
        -: 6668:    ptrdiff_t __k = _VSTD::upper_bound(__p.__areas_.begin(), __p.__areas_.end(),
        -: 6669:                                      __u) - __p.__areas_.begin() - 1;
        -: 6670:    __u -= __p.__areas_[__k];
        -: 6671:    const result_type __dk = __p.__densities_[__k];
        -: 6672:    const result_type __dk1 = __p.__densities_[__k+1];
        -: 6673:    const result_type __deltad = __dk1 - __dk;
        -: 6674:    const result_type __bk = __p.__b_[__k];
        -: 6675:    if (__deltad == 0)
        -: 6676:        return __u / __dk + __bk;
        -: 6677:    const result_type __bk1 = __p.__b_[__k+1];
        -: 6678:    const result_type __deltab = __bk1 - __bk;
        -: 6679:    return (__bk * __dk1 - __bk1 * __dk +
        -: 6680:        _VSTD::sqrt(__deltab * (__deltab * __dk * __dk + 2 * __deltad * __u))) /
        -: 6681:        __deltad;
        -: 6682:}
        -: 6683:
        -: 6684:template <class _CharT, class _Traits, class _RT>
        -: 6685:basic_ostream<_CharT, _Traits>&
        -: 6686:operator<<(basic_ostream<_CharT, _Traits>& __os,
        -: 6687:           const piecewise_linear_distribution<_RT>& __x)
        -: 6688:{
        -: 6689:    __save_flags<_CharT, _Traits> __lx(__os);
        -: 6690:    __os.flags(ios_base::dec | ios_base::left | ios_base::fixed |
        -: 6691:               ios_base::scientific);
        -: 6692:    _CharT __sp = __os.widen(' ');
        -: 6693:    __os.fill(__sp);
        -: 6694:    size_t __n = __x.__p_.__b_.size();
        -: 6695:    __os << __n;
        -: 6696:    for (size_t __i = 0; __i < __n; ++__i)
        -: 6697:        __os << __sp << __x.__p_.__b_[__i];
        -: 6698:    __n = __x.__p_.__densities_.size();
        -: 6699:    __os << __sp << __n;
        -: 6700:    for (size_t __i = 0; __i < __n; ++__i)
        -: 6701:        __os << __sp << __x.__p_.__densities_[__i];
        -: 6702:    __n = __x.__p_.__areas_.size();
        -: 6703:    __os << __sp << __n;
        -: 6704:    for (size_t __i = 0; __i < __n; ++__i)
        -: 6705:        __os << __sp << __x.__p_.__areas_[__i];
        -: 6706:    return __os;
        -: 6707:}
        -: 6708:
        -: 6709:template <class _CharT, class _Traits, class _RT>
        -: 6710:basic_istream<_CharT, _Traits>&
        -: 6711:operator>>(basic_istream<_CharT, _Traits>& __is,
        -: 6712:           piecewise_linear_distribution<_RT>& __x)
        -: 6713:{
        -: 6714:    typedef piecewise_linear_distribution<_RT> _Eng;
        -: 6715:    typedef typename _Eng::result_type result_type;
        -: 6716:    __save_flags<_CharT, _Traits> __lx(__is);
        -: 6717:    __is.flags(ios_base::dec | ios_base::skipws);
        -: 6718:    size_t __n;
        -: 6719:    __is >> __n;
        -: 6720:    vector<result_type> __b(__n);
        -: 6721:    for (size_t __i = 0; __i < __n; ++__i)
        -: 6722:        __is >> __b[__i];
        -: 6723:    __is >> __n;
        -: 6724:    vector<result_type> __densities(__n);
        -: 6725:    for (size_t __i = 0; __i < __n; ++__i)
        -: 6726:        __is >> __densities[__i];
        -: 6727:    __is >> __n;
        -: 6728:    vector<result_type> __areas(__n);
        -: 6729:    for (size_t __i = 0; __i < __n; ++__i)
        -: 6730:        __is >> __areas[__i];
        -: 6731:    if (!__is.fail())
        -: 6732:    {
        -: 6733:        swap(__x.__p_.__b_, __b);
        -: 6734:        swap(__x.__p_.__densities_, __densities);
        -: 6735:        swap(__x.__p_.__areas_, __areas);
        -: 6736:    }
        -: 6737:    return __is;
        -: 6738:}
        -: 6739:
        -: 6740:_LIBCPP_END_NAMESPACE_STD
        -: 6741:
        -: 6742:_LIBCPP_POP_MACROS
        -: 6743:
        -: 6744:#endif  // _LIBCPP_RANDOM
